<?xml version="1.0" encoding="UTF-8"?>
<!-- Generated by org.testng.reporters.JUnitReportReporter -->
<testsuite hostname="DESKTOP-BD9HK77" failures="0" tests="1" name="com.testng.Exp_Exception" time="0.013" errors="0" timestamp="2024-12-18T06:20:43 IST" skipped="0">
  <testcase classname="com.testng.Exp_Exception" name="demo" time="0.013"/>
  <system-out/>
</testsuite> <!-- com.testng.Exp_Exception -->
