<?xml version="1.0" encoding="UTF-8"?>
<!-- Generated by org.testng.reporters.JUnitReportReporter -->
<testsuite hostname="DESKTOP-BD9HK77" failures="0" tests="2" name="com.testng.Dependency" time="0.015" errors="0" timestamp="2024-12-16T17:19:50 IST" skipped="0">
  <testcase classname="com.testng.Dependency" name="homepage" time="0.003"/>
  <system-out/>
  <testcase classname="com.testng.Dependency" name="login" time="0.012"/>
  <system-out/>
</testsuite> <!-- com.testng.Dependency -->
