<?xml version="1.0" encoding="UTF-8"?>
<!-- Generated by org.testng.reporters.JUnitReportReporter -->
<testsuite hostname="DESKTOP-BD9HK77" failures="0" tests="3" name="com.testng.Ignore_Concept" time="0.012" errors="0" timestamp="2024-12-16T16:35:01 IST" skipped="1">
  <testcase classname="com.testng.Ignore_Concept" name="english" time="0.011"/>
  <system-out/>
  <testcase classname="com.testng.Ignore_Concept" name="purple" time="0.001"/>
  <system-out/>
  <testcase classname="com.testng.Ignore_Concept" name="blue">
    <skipped/>
  </testcase> <!-- blue -->
  <system-out/>
</testsuite> <!-- com.testng.Ignore_Concept -->
