<?xml version="1.0" encoding="UTF-8"?>
<!-- Generated by org.testng.reporters.JUnitReportReporter -->
<testsuite hostname="DESKTOP-BD9HK77" failures="0" tests="2" name="com.testng.Parallel_Concept" time="5.301" errors="0" timestamp="2024-12-18T07:22:49 IST" skipped="0">
  <testcase classname="com.testng.Parallel_Concept" name="facebooklaunch" time="1.618"/>
  <system-out/>
  <testcase classname="com.testng.Parallel_Concept" name="amazonurl" time="3.683"/>
  <system-out/>
</testsuite> <!-- com.testng.Parallel_Concept -->
