<?xml version="1.0" encoding="UTF-8"?>
<!-- Generated by org.testng.reporters.JUnitReportReporter -->
<testsuite hostname="DESKTOP-BD9HK77" failures="0" tests="1" name="com.testmodel.Parameterized_Test" time="0.026" errors="0" timestamp="2024-12-18T12:34:35 IST" skipped="0">
  <testcase classname="com.testmodel.Parameterized_Test" name="bankaccount" time="0.026"/>
  <system-out/>
</testsuite> <!-- com.testmodel.Parameterized_Test -->
