<?xml version="1.0" encoding="UTF-8"?>
<!-- Generated by org.testng.reporters.JUnitReportReporter -->
<testsuite hostname="DESKTOP-BD9HK77" failures="0" tests="6" name="com.testng.Simple_Annotations" time="0.022" errors="0" timestamp="2024-12-16T07:04:10 IST" skipped="0">
  <testcase classname="com.testng.Simple_Annotations" name="tshirt" time="0.011"/>
  <system-out/>
  <testcase classname="com.testng.Simple_Annotations" name="saree" time="0.003"/>
  <system-out/>
  <testcase classname="com.testng.Simple_Annotations" name="saree" time="0.004"/>
  <system-out/>
  <testcase classname="com.testng.Simple_Annotations" name="jean" time="0.002"/>
  <system-out/>
  <testcase classname="com.testng.Simple_Annotations" name="saree" time="0.001"/>
  <system-out/>
  <testcase classname="com.testng.Simple_Annotations" name="jean" time="0.001"/>
  <system-out/>
</testsuite> <!-- com.testng.Simple_Annotations -->
