<?xml version="1.0" encoding="UTF-8"?>
<!-- Generated by org.testng.reporters.JUnitReportReporter -->
<testsuite hostname="DESKTOP-BD9HK77" failures="0" tests="4" name="com.testng.Ignore" time="0.020" errors="0" timestamp="2024-12-17T12:22:00 IST" skipped="0">
  <testcase classname="com.testng.Ignore" name="grapes" time="0.003"/>
  <system-out/>
  <testcase classname="com.testng.Ignore" name="orange" time="0.001"/>
  <system-out/>
  <testcase classname="com.testng.Ignore" name="raddish" time="0.003"/>
  <system-out/>
  <testcase classname="com.testng.Ignore" name="carrot" time="0.013"/>
  <system-out/>
</testsuite> <!-- com.testng.Ignore -->
