<?xml version="1.0" encoding="UTF-8"?>
<!-- Generated by org.testng.reporters.JUnitReportReporter -->
<testsuite hostname="DESKTOP-BD9HK77" failures="0" tests="1" name="com.testng.Parameterized1" time="0.019" errors="0" timestamp="2024-12-18T12:03:44 IST" skipped="0">
  <testcase classname="com.testng.Parameterized1" name="login" time="0.019"/>
  <system-out/>
</testsuite> <!-- com.testng.Parameterized1 -->
