<?xml version="1.0" encoding="UTF-8"?>
<!-- Generated by org.testng.reporters.JUnitReportReporter -->
<testsuite hostname="DESKTOP-BD9HK77" failures="0" tests="2" name="com.testng.Dependenc" time="0.022" errors="0" timestamp="2024-12-17T12:25:56 IST" skipped="0">
  <testcase classname="com.testng.Dependenc" name="homepage" time="0.003"/>
  <system-out/>
  <testcase classname="com.testng.Dependenc" name="login" time="0.019"/>
  <system-out/>
</testsuite> <!-- com.testng.Dependenc -->
