<?xml version="1.0" encoding="UTF-8"?>
<!-- Generated by org.testng.reporters.JUnitReportReporter -->
<testsuite hostname="DESKTOP-BD9HK77" failures="0" tests="6" name="com.testng.Testng_Features" time="11.307" errors="0" timestamp="2024-12-16T07:23:58 IST" skipped="0">
  <testcase classname="com.testng.Testng_Features" name="mary" time="0.123"/>
  <system-out/>
  <testcase classname="com.testng.Testng_Features" name="mary" time="1.069"/>
  <system-out/>
  <testcase classname="com.testng.Testng_Features" name="john" time="1.320"/>
  <system-out/>
  <testcase classname="com.testng.Testng_Features" name="mary" time="1.132"/>
  <system-out/>
  <testcase classname="com.testng.Testng_Features" name="mary" time="6.105"/>
  <system-out/>
  <testcase classname="com.testng.Testng_Features" name="adams" time="1.558"/>
  <system-out/>
</testsuite> <!-- com.testng.Testng_Features -->
