<?xml version="1.0" encoding="UTF-8"?>
<!-- Generated by org.testng.reporters.JUnitReportReporter -->
<testsuite hostname="DESKTOP-BD9HK77" failures="0" tests="1" name="com.testng.Parameterized_Concept" time="0.014" errors="0" timestamp="2024-12-18T06:34:24 IST" skipped="0">
  <testcase classname="com.testng.Parameterized_Concept" name="credentials" time="0.014"/>
  <system-out/>
</testsuite> <!-- com.testng.Parameterized_Concept -->
