<?xml version="1.0" encoding="UTF-8"?>
<!-- Generated by org.testng.reporters.JUnitReportReporter -->
<testsuite hostname="DESKTOP-BD9HK77" failures="0" tests="3" name="com.testmodel.Timeout_Concept" time="0.906" errors="0" timestamp="2024-12-18T12:44:59 IST" skipped="0">
  <testcase classname="com.testmodel.Timeout_Concept" name="credentials" time="0.318"/>
  <system-out/>
  <testcase classname="com.testmodel.Timeout_Concept" name="credentials" time="0.261"/>
  <system-out/>
  <testcase classname="com.testmodel.Timeout_Concept" name="credentials" time="0.327"/>
  <system-out/>
</testsuite> <!-- com.testmodel.Timeout_Concept -->
