<?xml version="1.0" encoding="UTF-8"?>
<!-- Generated by org.testng.reporters.JUnitReportReporter -->
<testsuite hostname="DESKTOP-BD9HK77" failures="0" tests="3" name="com.testng.Dataprovider" time="0.019" errors="0" timestamp="2024-12-18T06:53:35 IST" skipped="0">
  <testcase classname="com.testng.Dataprovider" name="login" time="0.002"/>
  <system-out/>
  <testcase classname="com.testng.Dataprovider" name="login" time="0.001"/>
  <system-out/>
  <testcase classname="com.testng.Dataprovider" name="login" time="0.016"/>
  <system-out/>
</testsuite> <!-- com.testng.Dataprovider -->
