<?xml version="1.0" encoding="UTF-8"?>
<!-- Generated by org.testng.reporters.JUnitReportReporter -->
<testsuite hostname="DESKTOP-BD9HK77" failures="0" tests="4" name="com.testng.Grouping" time="0.022" errors="0" timestamp="2024-12-16T17:14:46 IST" skipped="0">
  <testcase classname="com.testng.Grouping" name="bike" time="0.016"/>
  <system-out/>
  <testcase classname="com.testng.Grouping" name="car" time="0.002"/>
  <system-out/>
  <testcase classname="com.testng.Grouping" name="tamil" time="0.002"/>
  <system-out/>
  <testcase classname="com.testng.Grouping" name="english" time="0.002"/>
  <system-out/>
</testsuite> <!-- com.testng.Grouping -->
